Building DAG of jobs...
Using shell: /bin/bash
Provided cluster nodes: 20
Job counts:
	count	jobs
	1	all
	2	make_faa
	1	orthofinder
	2	prokka
	6

rule prokka:
    input: fna/NC_001416_1.fna
    output: ../../output/snakemake-orthofinder/prokka/NC_001416_1
    jobid: 4
    wildcards: qu=NC_001416_1, outpath=../../output/snakemake-orthofinder
    threads: 10

Submitted job 4 with external jobid 'Your job 7145957 ("snakejob.prokka.4.sh") has been submitted'.

rule prokka:
    input: fna/NC_010392_1.fna
    output: ../../output/snakemake-orthofinder/prokka/NC_010392_1
    jobid: 5
    wildcards: qu=NC_010392_1, outpath=../../output/snakemake-orthofinder
    threads: 10

Submitted job 5 with external jobid 'Your job 7145958 ("snakejob.prokka.5.sh") has been submitted'.
Finished job 4.
1 of 6 steps (17%) done

rule make_faa:
    input: ../../output/snakemake-orthofinder/prokka/NC_001416_1
    output: ../../output/snakemake-orthofinder/faa/NC_001416_1.fasta
    jobid: 2
    wildcards: qu=NC_001416_1, outpath=../../output/snakemake-orthofinder

Finished job 5.
2 of 6 steps (33%) done
Submitted job 2 with external jobid 'Your job 7145959 ("snakejob.make_faa.2.sh") has been submitted'.

rule make_faa:
    input: ../../output/snakemake-orthofinder/prokka/NC_010392_1
    output: ../../output/snakemake-orthofinder/faa/NC_010392_1.fasta
    jobid: 3
    wildcards: qu=NC_010392_1, outpath=../../output/snakemake-orthofinder

Submitted job 3 with external jobid 'Your job 7145960 ("snakejob.make_faa.3.sh") has been submitted'.
Waiting at most 120 seconds for missing files.
Finished job 2.
3 of 6 steps (50%) done
Finished job 3.
4 of 6 steps (67%) done

rule orthofinder:
    input: ../../output/snakemake-orthofinder/faa/NC_010392_1.fasta, ../../output/snakemake-orthofinder/faa/NC_001416_1.fasta
    output: ../../output/snakemake-orthofinder/tmp/Orthogroups.txt
    log: ../../output/snakemake-orthofinder/log_of.txt
    jobid: 1
    wildcards: outpath=../../output/snakemake-orthofinder
    threads: 10

Submitted job 1 with external jobid 'Your job 7145961 ("snakejob.orthofinder.1.sh") has been submitted'.
Error in rule orthofinder:
    jobid: 1
    output: ../../output/snakemake-orthofinder/tmp/Orthogroups.txt
    log: ../../output/snakemake-orthofinder/log_of.txt
    cluster_jobid: Your job 7145961 ("snakejob.orthofinder.1.sh") has been submitted

Job failed, going on with independent jobs.
Exiting because a job execution failed. Look above for error message
Complete log: /data7a/bio/BacGenomeSoft/centos7-test/.snakemake/log/2019-04-17T192449.018754.snakemake.log
