Building DAG of jobs...
Using shell: /bin/bash
Provided cores: 32
Rules claiming more threads will be scaled down.
Job counts:
	count	jobs
	1	orthofinder
	1

rule orthofinder:
    input: ../../output/snakemake-orthofinder/faa/NC_010392_1.fasta, ../../output/snakemake-orthofinder/faa/NC_001416_1.fasta
    output: ../../output/snakemake-orthofinder/tmp/Orthogroups.txt
    log: ../../output/snakemake-orthofinder/log_of.txt
    jobid: 0
    wildcards: outpath=../../output/snakemake-orthofinder
    threads: 10

Error in rule orthofinder:
    jobid: 0
    output: ../../output/snakemake-orthofinder/tmp/Orthogroups.txt
    log: ../../output/snakemake-orthofinder/log_of.txt

RuleException:
CalledProcessError in line 27 of /data7a/bio/BacGenomeSoft/centos7-test/files/snakemake-orthofinder/Snakefile:
Command ' set -euo pipefail;  bash scripts/run_orthofinder.sh /data7a/bio/operonTravel/wave2_newOF/OrthoFinder-2.2.6/./orthofinder 10 > ../../output/snakemake-orthofinder/../../output/snakemake-orthofinder/log_of.txt ' returned non-zero exit status 1
  File "/data7a/bio/BacGenomeSoft/centos7-test/files/snakemake-orthofinder/Snakefile", line 27, in __rule_orthofinder
  File "/srv/common/lib/python3.5/concurrent/futures/thread.py", line 55, in run
Shutting down, this might take some time.
Exiting because a job execution failed. Look above for error message
Complete log: /data7a/bio/BacGenomeSoft/centos7-test/.snakemake/log/2019-04-17T192549.806428.snakemake.log
